生成启动时间为 2017/11/3 15:52:18。
     1>项目“C:\Users\Administrator\Documents\GitHub\RegexTest\Regex-CPP\Regex-CPP\Regex-CPP.vcxproj”在节点 2 上(build 个目标)。
     1>InitializeBuildStatus:
         正在创建“Debug\Regex-CPP.unsuccessfulbuild”，因为已指定“AlwaysCreate”。
       ClCompile:
         d:\Visual Studio 2010\VC\bin\CL.exe /c /ZI /nologo /W3 /WX- /Od /Oy- /D WIN32 /D _DEBUG /D _CONSOLE /D _UNICODE /D UNICODE /Gm /EHsc /RTC1 /MDd /GS /fp:precise /Zc:wchar_t /Zc:forScope /Fo"Debug\\" /Fd"Debug\vc100.pdb" /Gd /TP /analyze- /errorReport:prompt main.cpp
         main.cpp
       ManifestResourceCompile:
         所有输出均为最新。
       Link:
         d:\Visual Studio 2010\VC\bin\link.exe /ERRORREPORT:PROMPT /OUT:"C:\Users\Administrator\Documents\GitHub\RegexTest\Regex-CPP\Debug\Regex-CPP.exe" /INCREMENTAL /NOLOGO kernel32.lib user32.lib gdi32.lib winspool.lib comdlg32.lib advapi32.lib shell32.lib ole32.lib oleaut32.lib uuid.lib odbc32.lib odbccp32.lib /MANIFEST /ManifestFile:"Debug\Regex-CPP.exe.intermediate.manifest" /MANIFESTUAC:"level='asInvoker' uiAccess='false'" /DEBUG /PDB:"C:\Users\Administrator\Documents\GitHub\RegexTest\Regex-CPP\Debug\Regex-CPP.pdb" /SUBSYSTEM:CONSOLE /TLBID:1 /DYNAMICBASE /NXCOMPAT /IMPLIB:"C:\Users\Administrator\Documents\GitHub\RegexTest\Regex-CPP\Debug\Regex-CPP.lib" /MACHINE:X86 "Debug\Regex-CPP.exe.embed.manifest.res"
         Debug\main.obj
       Manifest:
         C:\Program Files (x86)\Microsoft SDKs\Windows\v7.0A\bin\mt.exe /nologo /verbose /out:"Debug\Regex-CPP.exe.embed.manifest" /manifest "Debug\Regex-CPP.exe.intermediate.manifest"
         所有输出均为最新。
       LinkEmbedManifest:
         所有输出均为最新。
         Regex-CPP.vcxproj -> C:\Users\Administrator\Documents\GitHub\RegexTest\Regex-CPP\Debug\Regex-CPP.exe
       FinalizeBuildStatus:
         正在删除文件“Debug\Regex-CPP.unsuccessfulbuild”。
         正在对“Debug\Regex-CPP.lastbuildstate”执行 Touch 任务。
     1>已完成生成项目“C:\Users\Administrator\Documents\GitHub\RegexTest\Regex-CPP\Regex-CPP\Regex-CPP.vcxproj”(build 个目标)的操作。

生成成功。

已用时间 00:00:04.49
